[debug] [2026-05-22T03:13:58.819Z] ----------------------------------------------------------------------
[debug] [2026-05-22T03:13:58.823Z] Command:       C:\Program Files\nodejs\node.exe C:\Users\Muhammad Khalid\AppData\Roaming\npm\node_modules\firebase-tools\lib\bin\firebase.js init
[debug] [2026-05-22T03:13:58.823Z] CLI Version:   15.15.0
[debug] [2026-05-22T03:13:58.823Z] Platform:      win32
[debug] [2026-05-22T03:13:58.824Z] Node Version:  v22.17.0
[debug] [2026-05-22T03:13:58.824Z] Time:          Fri May 22 2026 08:13:58 GMT+0500 (Pakistan Standard Time)
[debug] [2026-05-22T03:13:58.824Z] ----------------------------------------------------------------------
[debug] 
[debug] [2026-05-22T03:13:58.827Z] >>> [apiv2][query] GET https://firebase-public.firebaseio.com/cli.json [none]
[info] 
     ######## #### ########  ######## ########     ###     ######  ########
     ##        ##  ##     ## ##       ##     ##  ##   ##  ##       ##
     ######    ##  ########  ######   ########  #########  ######  ######
     ##        ##  ##    ##  ##       ##     ## ##     ##       ## ##
     ##       #### ##     ## ######## ########  ##     ##  ######  ########

You're about to initialize a Firebase project in this directory:

  C:\Users\Muhammad Khalid\Desktop\student_system - Copy - Copy\student

[debug] [2026-05-22T03:14:15.369Z] <<< [apiv2][status] GET https://firebase-public.firebaseio.com/cli.json 200
[debug] [2026-05-22T03:14:15.369Z] <<< [apiv2][body] GET https://firebase-public.firebaseio.com/cli.json {"cloudBuildErrorAfter":1594252800000,"cloudBuildWarnAfter":1590019200000,"defaultNode10After":1594252800000,"minVersion":"3.0.5","node8DeploysDisabledAfter":1613390400000,"node8RuntimeDisabledAfter":1615809600000,"node8WarnAfter":1600128000000}
[info] 
=== Project Setup
[info] 
[info] First, let's associate this project directory with a Firebase project.
[info] You can create multiple project aliases by running firebase use --add, 
[info] 
[debug] [2026-05-22T03:15:27.257Z] > command requires scopes: ["email","openid","https://www.googleapis.com/auth/cloudplatformprojects.readonly","https://www.googleapis.com/auth/firebase","https://www.googleapis.com/auth/cloud-platform"]
[debug] [2026-05-22T03:15:27.257Z] > authorizing via signed-in user (punisher90908@gmail.com)
[debug] [2026-05-22T03:15:27.259Z] Checked if tokens are valid: false, expires at: 1778227322195
[debug] [2026-05-22T03:15:27.259Z] Checked if tokens are valid: false, expires at: 1778227322195
[debug] [2026-05-22T03:15:27.259Z] > refreshing access token with scopes: []
[debug] [2026-05-22T03:15:27.261Z] >>> [apiv2][query] POST https://www.googleapis.com/oauth2/v3/token [none]
[debug] [2026-05-22T03:15:27.261Z] >>> [apiv2][body] POST https://www.googleapis.com/oauth2/v3/token [omitted]
